<component name="libraryTable">
  <library name="junit.jupiter.params" type="repository">
    <properties maven-id="org.junit.jupiter:junit-jupiter-params:5.11.0-RC1" />
    <CLASSES>
      <root url="jar://$PROJECT_DIR$/lib/junit-jupiter-params-5.11.0-RC1.jar!/" />
      <root url="jar://$PROJECT_DIR$/lib/junit-jupiter-api-5.11.0-RC1.jar!/" />
      <root url="jar://$PROJECT_DIR$/lib/opentest4j-1.3.0.jar!/" />
      <root url="jar://$PROJECT_DIR$/lib/junit-platform-commons-1.11.0-RC1.jar!/" />
      <root url="jar://$PROJECT_DIR$/lib/apiguardian-api-1.1.2.jar!/" />
    </CLASSES>
    <JAVADOC />
    <SOURCES>
      <root url="jar://$PROJECT_DIR$/lib/junit-jupiter-params-5.11.0-RC1-sources.jar!/" />
      <root url="jar://$PROJECT_DIR$/lib/junit-jupiter-api-5.11.0-RC1-sources.jar!/" />
      <root url="jar://$PROJECT_DIR$/lib/opentest4j-1.3.0-sources.jar!/" />
      <root url="jar://$PROJECT_DIR$/lib/junit-platform-commons-1.11.0-RC1-sources.jar!/" />
      <root url="jar://$PROJECT_DIR$/lib/apiguardian-api-1.1.2-sources.jar!/" />
    </SOURCES>
  </library>
</component>